<?xml version="1.0" encoding="UTF-8"?>
<testsuite name="com.gradle.lab.AppTest" tests="1" skipped="0" failures="0" errors="0" timestamp="2023-03-29T20:51:59" hostname="43991DS" time="0.01">
  <properties/>
  <testcase name="appHasAGreeting()" classname="com.gradle.lab.AppTest" time="0.01"/>
  <system-out><![CDATA[]]></system-out>
  <system-err><![CDATA[]]></system-err>
</testsuite>
